[debug] ----------------------------------------------------------------------
[debug] Command:      /usr/local/bin/node /usr/local/bin/firebase deploy --only hosting
[debug] CLI Version:  3.9.0
[debug] Platform:     linux
[debug] Node Version: v7.8.0
[debug] Time:         Sat Sep 09 2017 19:38:42 GMT-0700 (PDT)
[debug] ----------------------------------------------------------------------
[debug] 
[debug] > command requires scopes: ["email","openid","https://www.googleapis.com/auth/cloudplatformprojects.readonly","https://www.googleapis.com/auth/firebase","https://www.googleapis.com/auth/cloud-platform"]
[debug] > refreshing access token with scopes: ["email","https://www.googleapis.com/auth/cloud-platform","https://www.googleapis.com/auth/cloudplatformprojects.readonly","https://www.googleapis.com/auth/firebase","openid"]
[debug] >>> HTTP REQUEST POST https://www.googleapis.com/oauth2/v3/token { refresh_token: '1/YxgglnZe5NQPzyoQNQZRaTgyZaz79ohwoHS5ZSk5rnE',
  client_id: '563584335869-fgrhgmd47bqnekij5i8b5pr03ho849e6.apps.googleusercontent.com',
  client_secret: 'j9iVZfS8kkCEFUPaAeJV0sAi',
  grant_type: 'refresh_token',
  scope: 'email https://www.googleapis.com/auth/cloud-platform https://www.googleapis.com/auth/cloudplatformprojects.readonly https://www.googleapis.com/auth/firebase openid' } 
 Sat Sep 09 2017 19:38:42 GMT-0700 (PDT)
[debug] <<< HTTP RESPONSE 200
[debug] >>> HTTP REQUEST GET https://admin.firebase.com/v1/projects/mysite-5c4dc  
 Sat Sep 09 2017 19:38:42 GMT-0700 (PDT)
[debug] <<< HTTP RESPONSE 200
[debug] >>> HTTP REQUEST GET https://admin.firebase.com/v1/database/mysite-5c4dc/tokens  
 Sat Sep 09 2017 19:38:42 GMT-0700 (PDT)
[debug] <<< HTTP RESPONSE 200
[info] 
[info] === Deploying to 'mysite-5c4dc'...
[info] 
[info] i  deploying hosting
[info] i  hosting: preparing dist directory for upload...
[debug] >>> HTTP REQUEST PUT https://deploy.firebase.com/v1/hosting/mysite-5c4dc/uploads/-KtddoLDd4CmvMkvwLT6?fileCount=33&message=  
 Sat Sep 09 2017 19:38:44 GMT-0700 (PDT)
